#
# A fatal error has been detected by the Java Runtime Environment:
#
#  SIGSEGV (0xb) at pc=0x00007fb0d8a3ca20, pid=14391, tid=140397448873728
#
# JRE version: OpenJDK Runtime Environment (7.0_79-b14) (build 1.7.0_79-b14)
# Java VM: OpenJDK 64-Bit Server VM (24.79-b02 mixed mode linux-amd64 compressed oops)
# Derivative: IcedTea 2.5.5
# Distribution: Ubuntu 14.10, package 7u79-2.5.5-0ubuntu0.14.10.2
# Problematic frame:
# V  [libjvm.so+0x772a20]  Matcher::xform(Node*, int)+0x280
#
# Failed to write core dump. Core dumps have been disabled. To enable core dumping, try "ulimit -c unlimited" before starting Java again
#
# If you would like to submit a bug report, please include
# instructions on how to reproduce the bug and visit:
#   http://icedtea.classpath.org/bugzilla
#

---------------  T H R E A D  ---------------

Current thread (0x00007fb0d00ae800):  JavaThread "C2 CompilerThread1" daemon [_thread_in_native, id=14446, stack(0x00007fb0d4014000,0x00007fb0d4115000)]

siginfo:si_signo=SIGSEGV: si_errno=0, si_code=128 (), si_addr=0x0000000000000000

Registers:
RAX=0x00007fb09cfb9e60, RBX=0x00007fb09c3ea300, RCX=0x000000000000183f, RDX=0x000000000000183f
RSP=0x00007fb0d41109e0, RBP=0x00007fb0d4110a70, RSI=0x00007fb09c3ea300, RDI=0x00007fb0d4113120
R8 =0x00007fb09d0c61b0, R9 =0x0000000000000002, R10=0x000000000000006e, R11=0x00000000000000d2
R12=0x00007fb0d4110a10, R13=0x00007fb0a859ddb0, R14=0x00007fb0d4111710, R15=0x0090000000000000
RIP=0x00007fb0d8a3ca20, EFLAGS=0x0000000000010206, CSGSFS=0x0000000000000033, ERR=0x0000000000000000
  TRAPNO=0x000000000000000d

Top of Stack: (sp=0x00007fb0d41109e0)
0x00007fb0d41109e0:   00007fb0d4110a00 0000000000000000
0x00007fb0d41109f0:   00007fb0d4111730 00007fb0d41120a8
0x00007fb0d4110a00:   00007fb0d4113148 0000000000000001
0x00007fb0d4110a10:   00007fb09cfb9e60 00007fb09d0a6e70
0x00007fb0d4110a20:   00007fb09cfb8e70 00007fb0d001ca00
0x00007fb0d4110a30:   00007fb0d4113148 03dd0f422357bc00
0x00007fb0d4110a40:   0000000000003b80 00007fb0d4112fb0
0x00007fb0d4110a50:   00007fb0d4113148 0000000000000004
0x00007fb0d4110a60:   0000000000003b80 00007fb0d4111710
0x00007fb0d4110a70:   00007fb0d4110b50 00007fb0d8a3ed4c
0x00007fb0d4110a80:   00007fb0d4110ad0 03dd0f422357bc00
0x00007fb0d4110a90:   0000000000000000 00007fb0d90dacd8
0x00007fb0d4110aa0:   00007fb0a852d1d0 00007fb0d4111710
0x00007fb0d4110ab0:   0000000000000000 0000000000000000
0x00007fb0d4110ac0:   4000000000000000 0000000000000000
0x00007fb0d4110ad0:   0000000000000000 00007fb0d8573017
0x00007fb0d4110ae0:   0000000000000000 03dd0f422357bc00
0x00007fb0d4110af0:   0000000000000000 00007fb0d4111710
0x00007fb0d4110b00:   00007fb0d001ca00 00007fb0d4113088
0x00007fb0d4110b10:   00007fb0d4110c70 03dd0f422357bc00
0x00007fb0d4110b20:   00007fb0d4110b50 00007fb0d4112fb0
0x00007fb0d4110b30:   00007fb0d4111710 00007fb0d90c86c8
0x00007fb0d4110b40:   00007fb0d4110c70 00007fb0d4110b70
0x00007fb0d4110b50:   00007fb0d41123a0 00007fb0d8705a77
0x00007fb0d4110b60:   0000000000000000 0000000000000000
0x00007fb0d4110b70:   00007fb0d001ca00 0000000000000100
0x00007fb0d4110b80:   00007fb0a898c4c0 00000000000000c8
0x00007fb0d4110b90:   0000000000000000 0000000000000000
0x00007fb0d4110ba0:   0000000000000000 0000000000000000
0x00007fb0d4110bb0:   0000000000000000 0000000000000000
0x00007fb0d4110bc0:   0000000000000000 0000000000000000
0x00007fb0d4110bd0:   0000000000000000 0000000000000000 

Instructions: (pc=0x00007fb0d8a3ca20)
0x00007fb0d8a3ca00:   00 00 8b 53 28 49 8b 46 30 4c 8b 3c d0 48 89 d1
0x00007fb0d8a3ca10:   4d 85 ff 0f 84 0f 03 00 00 48 8b 45 a0 4c 89 38
0x00007fb0d8a3ca20:   41 8b 77 28 89 f0 c1 e8 05 41 3b 86 a8 09 00 00
0x00007fb0d8a3ca30:   73 3e 83 e6 1f ba 01 00 00 00 89 f1 48 d3 e2 49 

Register to memory mapping:

RAX=0x00007fb09cfb9e60 is an unknown value
RBX=0x00007fb09c3ea300 is an unknown value
RCX=0x000000000000183f is an unknown value
RDX=0x000000000000183f is an unknown value
RSP=0x00007fb0d41109e0 is pointing into the stack for thread: 0x00007fb0d00ae800
RBP=0x00007fb0d4110a70 is pointing into the stack for thread: 0x00007fb0d00ae800
RSI=0x00007fb09c3ea300 is an unknown value
RDI=0x00007fb0d4113120 is pointing into the stack for thread: 0x00007fb0d00ae800
R8 =0x00007fb09d0c61b0 is an unknown value
R9 =0x0000000000000002 is an unknown value
R10=0x000000000000006e is an unknown value
R11=0x00000000000000d2 is an unknown value
R12=0x00007fb0d4110a10 is pointing into the stack for thread: 0x00007fb0d00ae800
R13=0x00007fb0a859ddb0 is an unknown value
R14=0x00007fb0d4111710 is pointing into the stack for thread: 0x00007fb0d00ae800
R15=0x0090000000000000 is an unknown value


Stack: [0x00007fb0d4014000,0x00007fb0d4115000],  sp=0x00007fb0d41109e0,  free space=1010k
Native frames: (J=compiled Java code, j=interpreted, Vv=VM code, C=native code)
V  [libjvm.so+0x772a20]  Matcher::xform(Node*, int)+0x280
V  [libjvm.so+0x774d4c]  Matcher::match()+0xa5c
V  [libjvm.so+0x43ba77]  Compile::Code_Gen()+0x1d7
V  [libjvm.so+0x43fc76]  Compile::Compile(ciEnv*, C2Compiler*, ciMethod*, int, bool, bool)+0x10b6
V  [libjvm.so+0x3abb5c]  C2Compiler::compile_method(ciEnv*, ciMethod*, int)+0xdc
V  [libjvm.so+0x446495]  CompileBroker::invoke_compiler_on_method(CompileTask*)+0x325
V  [libjvm.so+0x447695]  CompileBroker::compiler_thread_loop()+0x2f5
V  [libjvm.so+0x92fe98]  JavaThread::thread_main_inner()+0x118
V  [libjvm.so+0x930121]  JavaThread::run()+0x231
V  [libjvm.so+0x7f1912]  java_start(Thread*)+0xf2


Current CompileTask:
C2:  15590  339             com.android.dx.ssa.DeadCodeRemover::run (194 bytes)


---------------  P R O C E S S  ---------------

Java Threads: ( => current thread )
  0x00007fb0d00b1000 JavaThread "Service Thread" daemon [_thread_blocked, id=14448, stack(0x00007fb0ca9cf000,0x00007fb0caad0000)]
=>0x00007fb0d00ae800 JavaThread "C2 CompilerThread1" daemon [_thread_in_native, id=14446, stack(0x00007fb0d4014000,0x00007fb0d4115000)]
  0x00007fb0d00ab800 JavaThread "C2 CompilerThread0" daemon [_thread_in_native, id=14445, stack(0x00007fb0d4115000,0x00007fb0d4216000)]
  0x00007fb0d00a9800 JavaThread "Signal Dispatcher" daemon [_thread_blocked, id=14443, stack(0x00007fb0d4216000,0x00007fb0d4317000)]
  0x00007fb0d007c800 JavaThread "Finalizer" daemon [_thread_blocked, id=14416, stack(0x00007fb0d49f9000,0x00007fb0d4afa000)]
  0x00007fb0d007a800 JavaThread "Reference Handler" daemon [_thread_blocked, id=14414, stack(0x00007fb0d4afa000,0x00007fb0d4bfb000)]
  0x00007fb0d000a800 JavaThread "main" [_thread_in_Java, id=14394, stack(0x00007fb0d9e0f000,0x00007fb0d9f10000)]

Other Threads:
  0x00007fb0d0076000 VMThread [stack: 0x00007fb0d4bfb000,0x00007fb0d4cfc000] [id=14412]
  0x00007fb0d00bb800 WatcherThread [stack: 0x00007fb0ca8ce000,0x00007fb0ca9cf000] [id=14451]

VM state:not at safepoint (normal execution)

VM Mutex/Monitor currently owned by a thread: None

Heap
 PSYoungGen      total 27136K, used 25569K [0x00000000eaa80000, 0x00000000edf80000, 0x0000000100000000)
  eden space 23552K, 93% used [0x00000000eaa80000,0x00000000ebff9b60,0x00000000ec180000)
  from space 3584K, 99% used [0x00000000ec180000,0x00000000ec4fe988,0x00000000ec500000)
  to   space 3584K, 0% used [0x00000000edc00000,0x00000000edc00000,0x00000000edf80000)
 ParOldGen       total 61440K, used 9132K [0x00000000c0000000, 0x00000000c3c00000, 0x00000000eaa80000)
  object space 61440K, 14% used [0x00000000c0000000,0x00000000c08eb130,0x00000000c3c00000)
 PSPermGen       total 21504K, used 5814K [0x00000000b5a00000, 0x00000000b6f00000, 0x00000000c0000000)
  object space 21504K, 27% used [0x00000000b5a00000,0x00000000b5fada68,0x00000000b6f00000)

Card table byte_map: [0x00007fb0d67bb000,0x00007fb0d6a0f000] byte_map_base: 0x00007fb0d620e000

Polling page: 0x00007fb0d9f34000

Code Cache  [0x00007fb0cd000000, 0x00007fb0cd270000, 0x00007fb0d0000000)
 total_blobs=565 nmethods=336 adapters=181 free_code_cache=47694Kb largest_free_block=48812032

Compilation events (10 events):
Event: 15.136 Thread 0x00007fb0d00ae800 nmethod 336 0x00007fb0cd161790 code [0x00007fb0cd1618e0, 0x00007fb0cd1619d8]
Event: 15.136 Thread 0x00007fb0d00ae800  337             java.util.Collections$UnmodifiableRandomAccessList::<init> (6 bytes)
Event: 15.137 Thread 0x00007fb0d00ae800 nmethod 337 0x00007fb0cd166190 code [0x00007fb0cd1662c0, 0x00007fb0cd166358]
Event: 15.137 Thread 0x00007fb0d00ae800  338             java.util.Collections$UnmodifiableList::<init> (11 bytes)
Event: 15.138 Thread 0x00007fb0d00ae800 nmethod 338 0x00007fb0cd168c10 code [0x00007fb0cd168d40, 0x00007fb0cd168dd8]
Event: 15.138 Thread 0x00007fb0d00ae800  339             com.android.dx.ssa.DeadCodeRemover::run (194 bytes)
Event: 15.531 Thread 0x00007fb0d00ab800 nmethod 334 0x00007fb0cd16c410 code [0x00007fb0cd16c880, 0x00007fb0cd16ef08]
Event: 15.531 Thread 0x00007fb0d00ab800  340             com.android.dx.ssa.SsaMethod::getExitBlockIndex (5 bytes)
Event: 15.532 Thread 0x00007fb0d00ab800 nmethod 340 0x00007fb0cd14f3d0 code [0x00007fb0cd14f500, 0x00007fb0cd14f558]
Event: 15.532 Thread 0x00007fb0d00ab800  341             com.android.dx.ssa.PhiInsn::predBlocksForReg (73 bytes)

GC Heap History (6 events):
Event: 5.309 GC heap before
{Heap before GC invocations=1 (full 0):
 PSYoungGen      total 27136K, used 23552K [0x00000000eaa80000, 0x00000000ec880000, 0x0000000100000000)
  eden space 23552K, 100% used [0x00000000eaa80000,0x00000000ec180000,0x00000000ec180000)
  from space 3584K, 0% used [0x00000000ec500000,0x00000000ec500000,0x00000000ec880000)
  to   space 3584K, 0% used [0x00000000ec180000,0x00000000ec180000,0x00000000ec500000)
 ParOldGen       total 61440K, used 0K [0x00000000c0000000, 0x00000000c3c00000, 0x00000000eaa80000)
  object space 61440K, 0% used [0x00000000c0000000,0x00000000c0000000,0x00000000c3c00000)
 PSPermGen       total 21504K, used 5656K [0x00000000b5a00000, 0x00000000b6f00000, 0x00000000c0000000)
  object space 21504K, 26% used [0x00000000b5a00000,0x00000000b5f861f0,0x00000000b6f00000)
Event: 5.342 GC heap after
Heap after GC invocations=1 (full 0):
 PSYoungGen      total 27136K, used 3559K [0x00000000eaa80000, 0x00000000ec880000, 0x0000000100000000)
  eden space 23552K, 0% used [0x00000000eaa80000,0x00000000eaa80000,0x00000000ec180000)
  from space 3584K, 99% used [0x00000000ec180000,0x00000000ec4f9c68,0x00000000ec500000)
  to   space 3584K, 0% used [0x00000000ec500000,0x00000000ec500000,0x00000000ec880000)
 ParOldGen       total 61440K, used 1660K [0x00000000c0000000, 0x00000000c3c00000, 0x00000000eaa80000)
  object space 61440K, 2% used [0x00000000c0000000,0x00000000c019f2d8,0x00000000c3c00000)
 PSPermGen       total 21504K, used 5656K [0x00000000b5a00000, 0x00000000b6f00000, 0x00000000c0000000)
  object space 21504K, 26% used [0x00000000b5a00000,0x00000000b5f861f0,0x00000000b6f00000)
}
Event: 9.122 GC heap before
{Heap before GC invocations=2 (full 0):
 PSYoungGen      total 27136K, used 27111K [0x00000000eaa80000, 0x00000000ec880000, 0x0000000100000000)
  eden space 23552K, 100% used [0x00000000eaa80000,0x00000000ec180000,0x00000000ec180000)
  from space 3584K, 99% used [0x00000000ec180000,0x00000000ec4f9c68,0x00000000ec500000)
  to   space 3584K, 0% used [0x00000000ec500000,0x00000000ec500000,0x00000000ec880000)
 ParOldGen       total 61440K, used 1660K [0x00000000c0000000, 0x00000000c3c00000, 0x00000000eaa80000)
  object space 61440K, 2% used [0x00000000c0000000,0x00000000c019f2d8,0x00000000c3c00000)
 PSPermGen       total 21504K, used 5761K [0x00000000b5a00000, 0x00000000b6f00000, 0x00000000c0000000)
  object space 21504K, 26% used [0x00000000b5a00000,0x00000000b5fa0400,0x00000000b6f00000)
Event: 9.153 GC heap after
Heap after GC invocations=2 (full 0):
 PSYoungGen      total 27136K, used 3557K [0x00000000eaa80000, 0x00000000ec880000, 0x0000000100000000)
  eden space 23552K, 0% used [0x00000000eaa80000,0x00000000eaa80000,0x00000000ec180000)
  from space 3584K, 99% used [0x00000000ec500000,0x00000000ec879440,0x00000000ec880000)
  to   space 3584K, 0% used [0x00000000ec180000,0x00000000ec180000,0x00000000ec500000)
 ParOldGen       total 61440K, used 5333K [0x00000000c0000000, 0x00000000c3c00000, 0x00000000eaa80000)
  object space 61440K, 8% used [0x00000000c0000000,0x00000000c05357b0,0x00000000c3c00000)
 PSPermGen       total 21504K, used 5761K [0x00000000b5a00000, 0x00000000b6f00000, 0x00000000c0000000)
  object space 21504K, 26% used [0x00000000b5a00000,0x00000000b5fa0400,0x00000000b6f00000)
}
Event: 12.553 GC heap before
{Heap before GC invocations=3 (full 0):
 PSYoungGen      total 27136K, used 27109K [0x00000000eaa80000, 0x00000000ec880000, 0x0000000100000000)
  eden space 23552K, 100% used [0x00000000eaa80000,0x00000000ec180000,0x00000000ec180000)
  from space 3584K, 99% used [0x00000000ec500000,0x00000000ec879440,0x00000000ec880000)
  to   space 3584K, 0% used [0x00000000ec180000,0x00000000ec180000,0x00000000ec500000)
 ParOldGen       total 61440K, used 5333K [0x00000000c0000000, 0x00000000c3c00000, 0x00000000eaa80000)
  object space 61440K, 8% used [0x00000000c0000000,0x00000000c05357b0,0x00000000c3c00000)
 PSPermGen       total 21504K, used 5794K [0x00000000b5a00000, 0x00000000b6f00000, 0x00000000c0000000)
  object space 21504K, 26% used [0x00000000b5a00000,0x00000000b5fa8a28,0x00000000b6f00000)
Event: 12.625 GC heap after
Heap after GC invocations=3 (full 0):
 PSYoungGen      total 27136K, used 3578K [0x00000000eaa80000, 0x00000000edf80000, 0x0000000100000000)
  eden space 23552K, 0% used [0x00000000eaa80000,0x00000000eaa80000,0x00000000ec180000)
  from space 3584K, 99% used [0x00000000ec180000,0x00000000ec4fe988,0x00000000ec500000)
  to   space 3584K, 0% used [0x00000000edc00000,0x00000000edc00000,0x00000000edf80000)
 ParOldGen       total 61440K, used 9132K [0x00000000c0000000, 0x00000000c3c00000, 0x00000000eaa80000)
  object space 61440K, 14% used [0x00000000c0000000,0x00000000c08eb130,0x00000000c3c00000)
 PSPermGen       total 21504K, used 5794K [0x00000000b5a00000, 0x00000000b6f00000, 0x00000000c0000000)
  object space 21504K, 26% used [0x00000000b5a00000,0x00000000b5fa8a28,0x00000000b6f00000)
}

Deoptimization events (10 events):
Event: 2.761 Thread 0x00007fb0d000a800 Uncommon trap: reason=class_check action=maybe_recompile pc=0x00007fb0cd073c20 method=com.android.dx.ssa.NormalSsaInsn.accept(Lcom/android/dx/ssa/SsaInsn$Visitor;)V @ 9
Event: 2.825 Thread 0x00007fb0d000a800 Uncommon trap: reason=class_check action=maybe_recompile pc=0x00007fb0cd073c20 method=com.android.dx.ssa.NormalSsaInsn.accept(Lcom/android/dx/ssa/SsaInsn$Visitor;)V @ 9
Event: 2.990 Thread 0x00007fb0d000a800 Uncommon trap: reason=class_check action=maybe_recompile pc=0x00007fb0cd073c20 method=com.android.dx.ssa.NormalSsaInsn.accept(Lcom/android/dx/ssa/SsaInsn$Visitor;)V @ 9
Event: 3.002 Thread 0x00007fb0d000a800 Uncommon trap: reason=class_check action=maybe_recompile pc=0x00007fb0cd073c20 method=com.android.dx.ssa.NormalSsaInsn.accept(Lcom/android/dx/ssa/SsaInsn$Visitor;)V @ 9
Event: 3.132 Thread 0x00007fb0d000a800 Uncommon trap: reason=null_check action=make_not_entrant pc=0x00007fb0cd078a10 method=com.android.dx.rop.code.LocalItem.equals(Ljava/lang/Object;)Z @ 1
Event: 6.755 Thread 0x00007fb0d000a800 Uncommon trap: reason=null_check action=make_not_entrant pc=0x00007fb0cd08d610 method=com.android.dx.rop.type.Type.equals(Ljava/lang/Object;)Z @ 8
Event: 10.550 Thread 0x00007fb0d000a800 Uncommon trap: reason=null_check action=make_not_entrant pc=0x00007fb0cd0f4c84 method=com.android.dx.rop.type.Type.putIntern(Lcom/android/dx/rop/type/Type;)Lcom/android/dx/rop/type/Type; @ 18
Event: 10.744 Thread 0x00007fb0d000a800 Uncommon trap: reason=null_check action=make_not_entrant pc=0x00007fb0cd0f96a0 method=com.android.dx.cf.code.Ropper$CatchInfo.getSetup(Lcom/android/dx/rop/type/Type;)Lcom/android/dx/cf/code/Ropper$ExceptionHandlerSetup; @ 10
Event: 14.696 Thread 0x00007fb0d000a800 Uncommon trap: reason=unreached action=reinterpret pc=0x00007fb0cd08f4c4 method=com.android.dx.rop.cst.Constant.compareTo(Lcom/android/dx/rop/cst/Constant;)I @ 12
Event: 14.883 Thread 0x00007fb0d000a800 Uncommon trap: reason=unreached action=reinterpret pc=0x00007fb0cd11a774 method=com.android.dx.cf.code.BytecodeArray.parseInstruction(ILcom/android/dx/cf/code/BytecodeArray$Visitor;)I @ 1198

Internal exceptions (10 events):
Event: 3.132 Thread 0x00007fb0d000a800 Implicit null exception at 0x00007fb0cd07868f to 0x00007fb0cd0789fd
Event: 3.713 Thread 0x00007fb0d000a800 Threw 0x00000000eb790618 at /build/buildd/openjdk-7-7u79-2.5.5/build/openjdk/hotspot/src/share/vm/prims/jvm.cpp:1284
Event: 5.630 Thread 0x00007fb0d000a800 Threw 0x00000000eabf2aa0 at /build/buildd/openjdk-7-7u79-2.5.5/build/openjdk/hotspot/src/share/vm/prims/jvm.cpp:1284
Event: 5.744 Thread 0x00007fb0d000a800 Threw 0x00000000eaeb6230 at /build/buildd/openjdk-7-7u79-2.5.5/build/openjdk/hotspot/src/share/vm/prims/jvm.cpp:1284
Event: 5.745 Thread 0x00007fb0d000a800 Threw 0x00000000eaec0a58 at /build/buildd/openjdk-7-7u79-2.5.5/build/openjdk/hotspot/src/share/vm/prims/jvm.cpp:1284
Event: 5.746 Thread 0x00007fb0d000a800 Threw 0x00000000eaec3568 at /build/buildd/openjdk-7-7u79-2.5.5/build/openjdk/hotspot/src/share/vm/prims/jvm.cpp:1284
Event: 6.755 Thread 0x00007fb0d000a800 Implicit null exception at 0x00007fb0cd08d512 to 0x00007fb0cd08d603
Event: 10.550 Thread 0x00007fb0d000a800 Implicit null exception at 0x00007fb0cd0f454b to 0x00007fb0cd0f4c75
Event: 10.744 Thread 0x00007fb0d000a800 Implicit null exception at 0x00007fb0cd0f7451 to 0x00007fb0cd0f9695
Event: 14.536 Thread 0x00007fb0d000a800 Threw 0x00000000eb6f3a20 at /build/buildd/openjdk-7-7u79-2.5.5/build/openjdk/hotspot/src/share/vm/prims/jvm.cpp:1284

Events (10 events):
Event: 12.625 Executing VM operation: ParallelGCFailedAllocation done
Event: 14.095 Thread 0x00007fb0d00ae800 flushing nmethod 0x00007fb0cd08d390
Event: 14.536 loading class 0x00007fb0d01cd360
Event: 14.536 loading class 0x00007fb0d01cd360 done
Event: 14.696 Thread 0x00007fb0d000a800 Uncommon trap: trap_request=0xffffffad fr.pc=0x00007fb0cd08f4c4
Event: 14.696 Thread 0x00007fb0d000a800 DEOPT PACKING pc=0x00007fb0cd08f4c4 sp=0x00007fb0d9f0daa0
Event: 14.696 Thread 0x00007fb0d000a800 DEOPT UNPACKING pc=0x00007fb0cd039045 sp=0x00007fb0d9f0da60 mode 2
Event: 14.883 Thread 0x00007fb0d000a800 Uncommon trap: trap_request=0xffffffad fr.pc=0x00007fb0cd11a774
Event: 14.883 Thread 0x00007fb0d000a800 DEOPT PACKING pc=0x00007fb0cd11a774 sp=0x00007fb0d9f0de50
Event: 14.883 Thread 0x00007fb0d000a800 DEOPT UNPACKING pc=0x00007fb0cd039045 sp=0x00007fb0d9f0de40 mode 2


Dynamic libraries:
00400000-00401000 r-xp 00000000 08:01 8389072                            /usr/lib/jvm/java-7-openjdk-amd64/jre/bin/java
00600000-00601000 r--p 00000000 08:01 8389072                            /usr/lib/jvm/java-7-openjdk-amd64/jre/bin/java
00601000-00602000 rw-p 00001000 08:01 8389072                            /usr/lib/jvm/java-7-openjdk-amd64/jre/bin/java
00ba2000-00bc3000 rw-p 00000000 00:00 0                                  [heap]
b5a00000-b6f00000 rw-p 00000000 00:00 0 
b6f00000-c0000000 rw-p 00000000 00:00 0 
c0000000-c3c00000 rw-p 00000000 00:00 0 
c3c00000-eaa80000 rw-p 00000000 00:00 0 
eaa80000-edf80000 rw-p 00000000 00:00 0 
edf80000-100000000 rw-p 00000000 00:00 0 
7fb094000000-7fb094021000 rw-p 00000000 00:00 0 
7fb094021000-7fb098000000 ---p 00000000 00:00 0 
7fb09c000000-7fb09d963000 rw-p 00000000 00:00 0 
7fb09d963000-7fb0a0000000 ---p 00000000 00:00 0 
7fb0a0000000-7fb0a0021000 rw-p 00000000 00:00 0 
7fb0a0021000-7fb0a4000000 ---p 00000000 00:00 0 
7fb0a4000000-7fb0a4021000 rw-p 00000000 00:00 0 
7fb0a4021000-7fb0a8000000 ---p 00000000 00:00 0 
7fb0a8000000-7fb0a9244000 rw-p 00000000 00:00 0 
7fb0a9244000-7fb0ac000000 ---p 00000000 00:00 0 
7fb0ac000000-7fb0ac021000 rw-p 00000000 00:00 0 
7fb0ac021000-7fb0b0000000 ---p 00000000 00:00 0 
7fb0b0000000-7fb0b0021000 rw-p 00000000 00:00 0 
7fb0b0021000-7fb0b4000000 ---p 00000000 00:00 0 
7fb0b4000000-7fb0b4021000 rw-p 00000000 00:00 0 
7fb0b4021000-7fb0b8000000 ---p 00000000 00:00 0 
7fb0b8000000-7fb0b8021000 rw-p 00000000 00:00 0 
7fb0b8021000-7fb0bc000000 ---p 00000000 00:00 0 
7fb0bc000000-7fb0bc021000 rw-p 00000000 00:00 0 
7fb0bc021000-7fb0c0000000 ---p 00000000 00:00 0 
7fb0c0000000-7fb0c0021000 rw-p 00000000 00:00 0 
7fb0c0021000-7fb0c4000000 ---p 00000000 00:00 0 
7fb0c4000000-7fb0c4021000 rw-p 00000000 00:00 0 
7fb0c4021000-7fb0c8000000 ---p 00000000 00:00 0 
7fb0c90c1000-7fb0c90f2000 rw-p 00000000 00:00 0 
7fb0c90f2000-7fb0c915e000 r-xp 00000000 08:01 6033603                    /lib/x86_64-linux-gnu/libpcre.so.3.13.1
7fb0c915e000-7fb0c935d000 ---p 0006c000 08:01 6033603                    /lib/x86_64-linux-gnu/libpcre.so.3.13.1
7fb0c935d000-7fb0c935e000 r--p 0006b000 08:01 6033603                    /lib/x86_64-linux-gnu/libpcre.so.3.13.1
7fb0c935e000-7fb0c935f000 rw-p 0006c000 08:01 6033603                    /lib/x86_64-linux-gnu/libpcre.so.3.13.1
7fb0c935f000-7fb0c9366000 r-xp 00000000 08:01 8266123                    /usr/lib/x86_64-linux-gnu/libffi.so.6.0.2
7fb0c9366000-7fb0c9565000 ---p 00007000 08:01 8266123                    /usr/lib/x86_64-linux-gnu/libffi.so.6.0.2
7fb0c9565000-7fb0c9566000 r--p 00006000 08:01 8266123                    /usr/lib/x86_64-linux-gnu/libffi.so.6.0.2
7fb0c9566000-7fb0c9567000 rw-p 00007000 08:01 8266123                    /usr/lib/x86_64-linux-gnu/libffi.so.6.0.2
7fb0c9567000-7fb0c957e000 r-xp 00000000 08:01 6041641                    /lib/x86_64-linux-gnu/libresolv-2.19.so
7fb0c957e000-7fb0c977e000 ---p 00017000 08:01 6041641                    /lib/x86_64-linux-gnu/libresolv-2.19.so
7fb0c977e000-7fb0c977f000 r--p 00017000 08:01 6041641                    /lib/x86_64-linux-gnu/libresolv-2.19.so
7fb0c977f000-7fb0c9780000 rw-p 00018000 08:01 6041641                    /lib/x86_64-linux-gnu/libresolv-2.19.so
7fb0c9780000-7fb0c9782000 rw-p 00000000 00:00 0 
7fb0c9782000-7fb0c97a3000 r-xp 00000000 08:01 6033630                    /lib/x86_64-linux-gnu/libselinux.so.1
7fb0c97a3000-7fb0c99a2000 ---p 00021000 08:01 6033630                    /lib/x86_64-linux-gnu/libselinux.so.1
7fb0c99a2000-7fb0c99a3000 r--p 00020000 08:01 6033630                    /lib/x86_64-linux-gnu/libselinux.so.1
7fb0c99a3000-7fb0c99a4000 rw-p 00021000 08:01 6033630                    /lib/x86_64-linux-gnu/libselinux.so.1
7fb0c99a4000-7fb0c99a6000 rw-p 00000000 00:00 0 
7fb0c99a6000-7fb0c99a9000 r-xp 00000000 08:01 8257944                    /usr/lib/x86_64-linux-gnu/libgmodule-2.0.so.0.4200.1
7fb0c99a9000-7fb0c9ba8000 ---p 00003000 08:01 8257944                    /usr/lib/x86_64-linux-gnu/libgmodule-2.0.so.0.4200.1
7fb0c9ba8000-7fb0c9ba9000 r--p 00002000 08:01 8257944                    /usr/lib/x86_64-linux-gnu/libgmodule-2.0.so.0.4200.1
7fb0c9ba9000-7fb0c9baa000 rw-p 00003000 08:01 8257944                    /usr/lib/x86_64-linux-gnu/libgmodule-2.0.so.0.4200.1
7fb0c9baa000-7fb0c9cb6000 r-xp 00000000 08:01 6033447                    /lib/x86_64-linux-gnu/libglib-2.0.so.0.4200.1
7fb0c9cb6000-7fb0c9eb6000 ---p 0010c000 08:01 6033447                    /lib/x86_64-linux-gnu/libglib-2.0.so.0.4200.1
7fb0c9eb6000-7fb0c9eb7000 r--p 0010c000 08:01 6033447                    /lib/x86_64-linux-gnu/libglib-2.0.so.0.4200.1
7fb0c9eb7000-7fb0c9eb8000 rw-p 0010d000 08:01 6033447                    /lib/x86_64-linux-gnu/libglib-2.0.so.0.4200.1
7fb0c9eb8000-7fb0c9eb9000 rw-p 00000000 00:00 0 
7fb0c9eb9000-7fb0c9f09000 r-xp 00000000 08:01 8257923                    /usr/lib/x86_64-linux-gnu/libgobject-2.0.so.0.4200.1
7fb0c9f09000-7fb0ca109000 ---p 00050000 08:01 8257923                    /usr/lib/x86_64-linux-gnu/libgobject-2.0.so.0.4200.1
7fb0ca109000-7fb0ca10a000 r--p 00050000 08:01 8257923                    /usr/lib/x86_64-linux-gnu/libgobject-2.0.so.0.4200.1
7fb0ca10a000-7fb0ca10b000 rw-p 00051000 08:01 8257923                    /usr/lib/x86_64-linux-gnu/libgobject-2.0.so.0.4200.1
7fb0ca10b000-7fb0ca27c000 r-xp 00000000 08:01 8257941                    /usr/lib/x86_64-linux-gnu/libgio-2.0.so.0.4200.1
7fb0ca27c000-7fb0ca47c000 ---p 00171000 08:01 8257941                    /usr/lib/x86_64-linux-gnu/libgio-2.0.so.0.4200.1
7fb0ca47c000-7fb0ca480000 r--p 00171000 08:01 8257941                    /usr/lib/x86_64-linux-gnu/libgio-2.0.so.0.4200.1
7fb0ca480000-7fb0ca482000 rw-p 00175000 08:01 8257941                    /usr/lib/x86_64-linux-gnu/libgio-2.0.so.0.4200.1
7fb0ca482000-7fb0ca484000 rw-p 00000000 00:00 0 
7fb0ca4a4000-7fb0ca4bb000 r-xp 00000000 08:01 8405802                    /usr/lib/jvm/java-7-openjdk-amd64/jre/lib/amd64/libnet.so
7fb0ca4bb000-7fb0ca6ba000 ---p 00017000 08:01 8405802                    /usr/lib/jvm/java-7-openjdk-amd64/jre/lib/amd64/libnet.so
7fb0ca6ba000-7fb0ca6bb000 r--p 00016000 08:01 8405802                    /usr/lib/jvm/java-7-openjdk-amd64/jre/lib/amd64/libnet.so
7fb0ca6bb000-7fb0ca6bc000 rw-p 00017000 08:01 8405802                    /usr/lib/jvm/java-7-openjdk-amd64/jre/lib/amd64/libnet.so
7fb0ca6bc000-7fb0ca6cd000 r-xp 00000000 08:01 8405776                    /usr/lib/jvm/java-7-openjdk-amd64/jre/lib/amd64/libnio.so
7fb0ca6cd000-7fb0ca8cc000 ---p 00011000 08:01 8405776                    /usr/lib/jvm/java-7-openjdk-amd64/jre/lib/amd64/libnio.so
7fb0ca8cc000-7fb0ca8cd000 r--p 00010000 08:01 8405776                    /usr/lib/jvm/java-7-openjdk-amd64/jre/lib/amd64/libnio.so
7fb0ca8cd000-7fb0ca8ce000 rw-p 00011000 08:01 8405776                    /usr/lib/jvm/java-7-openjdk-amd64/jre/lib/amd64/libnio.so
7fb0ca8ce000-7fb0ca8cf000 ---p 00000000 00:00 0 
7fb0ca8cf000-7fb0ca9cf000 rw-p 00000000 00:00 0                          [stack:14451]
7fb0ca9cf000-7fb0ca9d2000 ---p 00000000 00:00 0 
7fb0ca9d2000-7fb0cd000000 rw-p 00000000 00:00 0                          [stack:14448]
7fb0cd000000-7fb0cd270000 rwxp 00000000 00:00 0 
7fb0cd270000-7fb0d020b000 rw-p 00000000 00:00 0 
7fb0d020b000-7fb0d4000000 ---p 00000000 00:00 0 
7fb0d4014000-7fb0d4017000 ---p 00000000 00:00 0 
7fb0d4017000-7fb0d4115000 rw-p 00000000 00:00 0                          [stack:14446]
7fb0d4115000-7fb0d4118000 ---p 00000000 00:00 0 
7fb0d4118000-7fb0d4216000 rw-p 00000000 00:00 0                          [stack:14445]
7fb0d4216000-7fb0d4219000 ---p 00000000 00:00 0 
7fb0d4219000-7fb0d4317000 rw-p 00000000 00:00 0                          [stack:14443]
7fb0d4317000-7fb0d49f9000 r--p 00000000 08:01 8264892                    /usr/lib/locale/locale-archive
7fb0d49f9000-7fb0d49fc000 ---p 00000000 00:00 0 
7fb0d49fc000-7fb0d4afa000 rw-p 00000000 00:00 0                          [stack:14416]
7fb0d4afa000-7fb0d4afd000 ---p 00000000 00:00 0 
7fb0d4afd000-7fb0d4bfb000 rw-p 00000000 00:00 0                          [stack:14414]
7fb0d4bfb000-7fb0d4bfc000 ---p 00000000 00:00 0 
7fb0d4bfc000-7fb0d5cf9000 rw-p 00000000 00:00 0                          [stack:14412]
7fb0d5cf9000-7fb0d5eaa000 r--s 01d27000 08:01 8405809                    /usr/lib/jvm/java-7-openjdk-amd64/jre/lib/rt.jar
7fb0d5eaa000-7fb0d620e000 rw-p 00000000 00:00 0 
7fb0d620e000-7fb0d620f000 ---p 00000000 00:00 0 
7fb0d620f000-7fb0d630f000 rw-p 00000000 00:00 0                          [stack:14400]
7fb0d630f000-7fb0d6310000 ---p 00000000 00:00 0 
7fb0d6310000-7fb0d6410000 rw-p 00000000 00:00 0                          [stack:14399]
7fb0d6410000-7fb0d6411000 ---p 00000000 00:00 0 
7fb0d6411000-7fb0d6511000 rw-p 00000000 00:00 0                          [stack:14398]
7fb0d6511000-7fb0d6512000 ---p 00000000 00:00 0 
7fb0d6512000-7fb0d661d000 rw-p 00000000 00:00 0                          [stack:14397]
7fb0d661d000-7fb0d6665000 rw-p 00000000 00:00 0 
7fb0d6665000-7fb0d6683000 rw-p 00000000 00:00 0 
7fb0d6683000-7fb0d67bb000 rw-p 00000000 00:00 0 
7fb0d67bb000-7fb0d67c6000 rw-p 00000000 00:00 0 
7fb0d67c6000-7fb0d680e000 rw-p 00000000 00:00 0 
7fb0d680e000-7fb0d682c000 rw-p 00000000 00:00 0 
7fb0d682c000-7fb0d6963000 rw-p 00000000 00:00 0 
7fb0d6963000-7fb0d697e000 rw-p 00000000 00:00 0 
7fb0d697e000-7fb0d6a0e000 rw-p 00000000 00:00 0 
7fb0d6a0e000-7fb0d6a0f000 rw-p 00000000 00:00 0 
7fb0d6a0f000-7fb0d6a17000 r-xp 00000000 08:01 8405778                    /usr/lib/jvm/java-7-openjdk-amd64/jre/lib/amd64/libzip.so
7fb0d6a17000-7fb0d6c16000 ---p 00008000 08:01 8405778                    /usr/lib/jvm/java-7-openjdk-amd64/jre/lib/amd64/libzip.so
7fb0d6c16000-7fb0d6c17000 r--p 00007000 08:01 8405778                    /usr/lib/jvm/java-7-openjdk-amd64/jre/lib/amd64/libzip.so
7fb0d6c17000-7fb0d6c18000 rw-p 00008000 08:01 8405778                    /usr/lib/jvm/java-7-openjdk-amd64/jre/lib/amd64/libzip.so
7fb0d6c18000-7fb0d6c23000 r-xp 00000000 08:01 6041646                    /lib/x86_64-linux-gnu/libnss_files-2.19.so
7fb0d6c23000-7fb0d6e22000 ---p 0000b000 08:01 6041646                    /lib/x86_64-linux-gnu/libnss_files-2.19.so
7fb0d6e22000-7fb0d6e23000 r--p 0000a000 08:01 6041646                    /lib/x86_64-linux-gnu/libnss_files-2.19.so
7fb0d6e23000-7fb0d6e24000 rw-p 0000b000 08:01 6041646                    /lib/x86_64-linux-gnu/libnss_files-2.19.so
7fb0d6e24000-7fb0d6e2f000 r-xp 00000000 08:01 6041648                    /lib/x86_64-linux-gnu/libnss_nis-2.19.so
7fb0d6e2f000-7fb0d702e000 ---p 0000b000 08:01 6041648                    /lib/x86_64-linux-gnu/libnss_nis-2.19.so
7fb0d702e000-7fb0d702f000 r--p 0000a000 08:01 6041648                    /lib/x86_64-linux-gnu/libnss_nis-2.19.so
7fb0d702f000-7fb0d7030000 rw-p 0000b000 08:01 6041648                    /lib/x86_64-linux-gnu/libnss_nis-2.19.so
7fb0d7030000-7fb0d7047000 r-xp 00000000 08:01 6041632                    /lib/x86_64-linux-gnu/libnsl-2.19.so
7fb0d7047000-7fb0d7246000 ---p 00017000 08:01 6041632                    /lib/x86_64-linux-gnu/libnsl-2.19.so
7fb0d7246000-7fb0d7247000 r--p 00016000 08:01 6041632                    /lib/x86_64-linux-gnu/libnsl-2.19.so
7fb0d7247000-7fb0d7248000 rw-p 00017000 08:01 6041632                    /lib/x86_64-linux-gnu/libnsl-2.19.so
7fb0d7248000-7fb0d724a000 rw-p 00000000 00:00 0 
7fb0d724a000-7fb0d7253000 r-xp 00000000 08:01 6041633                    /lib/x86_64-linux-gnu/libnss_compat-2.19.so
7fb0d7253000-7fb0d7452000 ---p 00009000 08:01 6041633                    /lib/x86_64-linux-gnu/libnss_compat-2.19.so
7fb0d7452000-7fb0d7453000 r--p 00008000 08:01 6041633                    /lib/x86_64-linux-gnu/libnss_compat-2.19.so
7fb0d7453000-7fb0d7454000 rw-p 00009000 08:01 6041633                    /lib/x86_64-linux-gnu/libnss_compat-2.19.so
7fb0d7454000-7fb0d7481000 r-xp 00000000 08:01 8405787                    /usr/lib/jvm/java-7-openjdk-amd64/jre/lib/amd64/libjava.so
7fb0d7481000-7fb0d7680000 ---p 0002d000 08:01 8405787                    /usr/lib/jvm/java-7-openjdk-amd64/jre/lib/amd64/libjava.so
7fb0d7680000-7fb0d7681000 r--p 0002c000 08:01 8405787                    /usr/lib/jvm/java-7-openjdk-amd64/jre/lib/amd64/libjava.so
7fb0d7681000-7fb0d7683000 rw-p 0002d000 08:01 8405787                    /usr/lib/jvm/java-7-openjdk-amd64/jre/lib/amd64/libjava.so
7fb0d7683000-7fb0d7694000 r-xp 00000000 08:01 8405790                    /usr/lib/jvm/java-7-openjdk-amd64/jre/lib/amd64/libverify.so
7fb0d7694000-7fb0d7893000 ---p 00011000 08:01 8405790                    /usr/lib/jvm/java-7-openjdk-amd64/jre/lib/amd64/libverify.so
7fb0d7893000-7fb0d7895000 r--p 00010000 08:01 8405790                    /usr/lib/jvm/java-7-openjdk-amd64/jre/lib/amd64/libverify.so
7fb0d7895000-7fb0d7896000 rw-p 00012000 08:01 8405790                    /usr/lib/jvm/java-7-openjdk-amd64/jre/lib/amd64/libverify.so
7fb0d7896000-7fb0d789d000 r-xp 00000000 08:01 6041649                    /lib/x86_64-linux-gnu/librt-2.19.so
7fb0d789d000-7fb0d7a9c000 ---p 00007000 08:01 6041649                    /lib/x86_64-linux-gnu/librt-2.19.so
7fb0d7a9c000-7fb0d7a9d000 r--p 00006000 08:01 6041649                    /lib/x86_64-linux-gnu/librt-2.19.so
7fb0d7a9d000-7fb0d7a9e000 rw-p 00007000 08:01 6041649                    /lib/x86_64-linux-gnu/librt-2.19.so
7fb0d7a9e000-7fb0d7ab4000 r-xp 00000000 08:01 6033521                    /lib/x86_64-linux-gnu/libgcc_s.so.1
7fb0d7ab4000-7fb0d7cb3000 ---p 00016000 08:01 6033521                    /lib/x86_64-linux-gnu/libgcc_s.so.1
7fb0d7cb3000-7fb0d7cb4000 r--p 00015000 08:01 6033521                    /lib/x86_64-linux-gnu/libgcc_s.so.1
7fb0d7cb4000-7fb0d7cb5000 rw-p 00016000 08:01 6033521                    /lib/x86_64-linux-gnu/libgcc_s.so.1
7fb0d7cb5000-7fb0d7dba000 r-xp 00000000 08:01 6041628                    /lib/x86_64-linux-gnu/libm-2.19.so
7fb0d7dba000-7fb0d7fb9000 ---p 00105000 08:01 6041628                    /lib/x86_64-linux-gnu/libm-2.19.so
7fb0d7fb9000-7fb0d7fba000 r--p 00104000 08:01 6041628                    /lib/x86_64-linux-gnu/libm-2.19.so
7fb0d7fba000-7fb0d7fbb000 rw-p 00105000 08:01 6041628                    /lib/x86_64-linux-gnu/libm-2.19.so
7fb0d7fbb000-7fb0d80ab000 r-xp 00000000 08:01 8266775                    /usr/lib/x86_64-linux-gnu/libstdc++.so.6.0.20
7fb0d80ab000-7fb0d82ab000 ---p 000f0000 08:01 8266775                    /usr/lib/x86_64-linux-gnu/libstdc++.so.6.0.20
7fb0d82ab000-7fb0d82b3000 r--p 000f0000 08:01 8266775                    /usr/lib/x86_64-linux-gnu/libstdc++.so.6.0.20
7fb0d82b3000-7fb0d82b5000 rw-p 000f8000 08:01 8266775                    /usr/lib/x86_64-linux-gnu/libstdc++.so.6.0.20
7fb0d82b5000-7fb0d82ca000 rw-p 00000000 00:00 0 
7fb0d82ca000-7fb0d8e1a000 r-xp 00000000 08:01 8405800                    /usr/lib/jvm/java-7-openjdk-amd64/jre/lib/amd64/server/libjvm.so
7fb0d8e1a000-7fb0d9019000 ---p 00b50000 08:01 8405800                    /usr/lib/jvm/java-7-openjdk-amd64/jre/lib/amd64/server/libjvm.so
7fb0d9019000-7fb0d90b8000 r--p 00b4f000 08:01 8405800                    /usr/lib/jvm/java-7-openjdk-amd64/jre/lib/amd64/server/libjvm.so
7fb0d90b8000-7fb0d90db000 rw-p 00bee000 08:01 8405800                    /usr/lib/jvm/java-7-openjdk-amd64/jre/lib/amd64/server/libjvm.so
7fb0d90db000-7fb0d9108000 rw-p 00000000 00:00 0 
7fb0d9108000-7fb0d9120000 r-xp 00000000 08:01 6033665                    /lib/x86_64-linux-gnu/libz.so.1.2.8
7fb0d9120000-7fb0d931f000 ---p 00018000 08:01 6033665                    /lib/x86_64-linux-gnu/libz.so.1.2.8
7fb0d931f000-7fb0d9320000 r--p 00017000 08:01 6033665                    /lib/x86_64-linux-gnu/libz.so.1.2.8
7fb0d9320000-7fb0d9321000 rw-p 00018000 08:01 6033665                    /lib/x86_64-linux-gnu/libz.so.1.2.8
7fb0d9321000-7fb0d933a000 r-xp 00000000 08:01 6041636                    /lib/x86_64-linux-gnu/libpthread-2.19.so
7fb0d933a000-7fb0d9539000 ---p 00019000 08:01 6041636                    /lib/x86_64-linux-gnu/libpthread-2.19.so
7fb0d9539000-7fb0d953a000 r--p 00018000 08:01 6041636                    /lib/x86_64-linux-gnu/libpthread-2.19.so
7fb0d953a000-7fb0d953b000 rw-p 00019000 08:01 6041636                    /lib/x86_64-linux-gnu/libpthread-2.19.so
7fb0d953b000-7fb0d953f000 rw-p 00000000 00:00 0 
7fb0d953f000-7fb0d9542000 r-xp 00000000 08:01 6041635                    /lib/x86_64-linux-gnu/libdl-2.19.so
7fb0d9542000-7fb0d9741000 ---p 00003000 08:01 6041635                    /lib/x86_64-linux-gnu/libdl-2.19.so
7fb0d9741000-7fb0d9742000 r--p 00002000 08:01 6041635                    /lib/x86_64-linux-gnu/libdl-2.19.so
7fb0d9742000-7fb0d9743000 rw-p 00003000 08:01 6041635                    /lib/x86_64-linux-gnu/libdl-2.19.so
7fb0d9743000-7fb0d98fd000 r-xp 00000000 08:01 6041647                    /lib/x86_64-linux-gnu/libc-2.19.so
7fb0d98fd000-7fb0d9afc000 ---p 001ba000 08:01 6041647                    /lib/x86_64-linux-gnu/libc-2.19.so
7fb0d9afc000-7fb0d9b00000 r--p 001b9000 08:01 6041647                    /lib/x86_64-linux-gnu/libc-2.19.so
7fb0d9b00000-7fb0d9b02000 rw-p 001bd000 08:01 6041647                    /lib/x86_64-linux-gnu/libc-2.19.so
7fb0d9b02000-7fb0d9b07000 rw-p 00000000 00:00 0 
7fb0d9b07000-7fb0d9b14000 r-xp 00000000 08:01 8405794                    /usr/lib/jvm/java-7-openjdk-amd64/jre/lib/amd64/jli/libjli.so
7fb0d9b14000-7fb0d9d13000 ---p 0000d000 08:01 8405794                    /usr/lib/jvm/java-7-openjdk-amd64/jre/lib/amd64/jli/libjli.so
7fb0d9d13000-7fb0d9d14000 r--p 0000c000 08:01 8405794                    /usr/lib/jvm/java-7-openjdk-amd64/jre/lib/amd64/jli/libjli.so
7fb0d9d14000-7fb0d9d15000 rw-p 0000d000 08:01 8405794                    /usr/lib/jvm/java-7-openjdk-amd64/jre/lib/amd64/jli/libjli.so
7fb0d9d15000-7fb0d9d38000 r-xp 00000000 08:01 6041642                    /lib/x86_64-linux-gnu/ld-2.19.so
7fb0d9d39000-7fb0d9d41000 r--s 00038000 08:01 1452532                    /home/reeva/Desktop/Source codes/Fortin Challeneged Quiz Codecanyon/Second Update 7 June/FortinChallengedQuiz (2)/ANDROID SOURCE CODE/Android Studio Project/FortinQuizChallenge_AndroidStudio/fortinChallenegedQuiz/build/intermediates/exploded-aar/com.google.android.gms/play-services-wearable/8.1.0/jars/classes.jar
7fb0d9d41000-7fb0d9d4f000 r--s 000dc000 08:01 794797                     /home/reeva/android-sdk-linux/build-tools/21.0.1/lib/dx.jar
7fb0d9d4f000-7fb0d9d59000 rw-p 00000000 00:00 0 
7fb0d9d59000-7fb0d9e0f000 rw-p 00000000 00:00 0 
7fb0d9e0f000-7fb0d9e12000 ---p 00000000 00:00 0 
7fb0d9e12000-7fb0d9f15000 rw-p 00000000 00:00 0                          [stack:14394]
7fb0d9f17000-7fb0d9f18000 rw-p 00000000 00:00 0 
7fb0d9f18000-7fb0d9f19000 r--s 00002000 08:01 8405825                    /usr/lib/jvm/java-7-openjdk-amd64/jre/lib/ext/dnsns.jar
7fb0d9f19000-7fb0d9f1b000 r--s 00012000 08:01 8405823                    /usr/lib/jvm/java-7-openjdk-amd64/jre/lib/ext/zipfs.jar
7fb0d9f1b000-7fb0d9f1e000 r--s 00086000 08:01 8405827                    /usr/lib/jvm/java-7-openjdk-amd64/jre/lib/ext/localedata.jar
7fb0d9f1e000-7fb0d9f22000 r--s 00034000 08:01 8405826                    /usr/lib/jvm/java-7-openjdk-amd64/jre/lib/ext/sunjce_provider.jar
7fb0d9f22000-7fb0d9f26000 r--s 0003c000 08:01 8405822                    /usr/lib/jvm/java-7-openjdk-amd64/jre/lib/ext/sunpkcs11.jar
7fb0d9f26000-7fb0d9f28000 r--s 00006000 08:01 8650785                    /usr/share/java/java-atk-wrapper.jar
7fb0d9f28000-7fb0d9f2b000 r--s 0000f000 08:01 8405824                    /usr/lib/jvm/java-7-openjdk-amd64/jre/lib/ext/icedtea-sound.jar
7fb0d9f2b000-7fb0d9f33000 rw-s 00000000 08:01 2101037                    /tmp/hsperfdata_reeva/14391
7fb0d9f33000-7fb0d9f34000 rw-p 00000000 00:00 0 
7fb0d9f34000-7fb0d9f35000 r--p 00000000 00:00 0 
7fb0d9f35000-7fb0d9f37000 rw-p 00000000 00:00 0 
7fb0d9f37000-7fb0d9f38000 r--p 00022000 08:01 6041642                    /lib/x86_64-linux-gnu/ld-2.19.so
7fb0d9f38000-7fb0d9f39000 rw-p 00023000 08:01 6041642                    /lib/x86_64-linux-gnu/ld-2.19.so
7fb0d9f39000-7fb0d9f3a000 rw-p 00000000 00:00 0 
7ffd7e0dc000-7ffd7e0fe000 rw-p 00000000 00:00 0                          [stack]
7ffd7e137000-7ffd7e139000 r-xp 00000000 00:00 0                          [vdso]
7ffd7e139000-7ffd7e13b000 r--p 00000000 00:00 0                          [vvar]
ffffffffff600000-ffffffffff601000 r-xp 00000000 00:00 0                  [vsyscall]

VM Arguments:
jvm_args: -Xmx1024M -Dfile.encoding=UTF-8 -Duser.country=IN -Duser.language=en -Duser.variant 
java_command: com.android.dx.command.Main --dex --output /home/reeva/Desktop/Source codes/Fortin Challeneged Quiz Codecanyon/Second Update 7 June/FortinChallengedQuiz (2)/ANDROID SOURCE CODE/Android Studio Project/FortinQuizChallenge_AndroidStudio/fortinChallenegedQuiz/build/intermediates/pre-dexed/debug/classes-e6147b5f0f82a2c9e735977cfd8bdac30480d926.jar /home/reeva/Desktop/Source codes/Fortin Challeneged Quiz Codecanyon/Second Update 7 June/FortinChallengedQuiz (2)/ANDROID SOURCE CODE/Android Studio Project/FortinQuizChallenge_AndroidStudio/fortinChallenegedQuiz/build/intermediates/exploded-aar/com.google.android.gms/play-services-wearable/8.1.0/jars/classes.jar
Launcher Type: SUN_STANDARD

Environment Variables:
PATH=/usr/local/sbin:/usr/local/bin:/usr/sbin:/usr/bin:/sbin:/bin:/usr/games:/usr/local/games
LD_LIBRARY_PATH=.:
SHELL=/bin/bash
DISPLAY=:0

Signal Handlers:
SIGSEGV: [libjvm.so+0x983740], sa_mask[0]=0x7ffbfeff, sa_flags=0x10000004
SIGBUS: [libjvm.so+0x983740], sa_mask[0]=0x7ffbfeff, sa_flags=0x10000004
SIGFPE: [libjvm.so+0x7f0180], sa_mask[0]=0x7ffbfeff, sa_flags=0x10000004
SIGPIPE: [libjvm.so+0x7f0180], sa_mask[0]=0x7ffbfeff, sa_flags=0x10000004
SIGXFSZ: [libjvm.so+0x7f0180], sa_mask[0]=0x7ffbfeff, sa_flags=0x10000004
SIGILL: [libjvm.so+0x7f0180], sa_mask[0]=0x7ffbfeff, sa_flags=0x10000004
SIGUSR1: SIG_DFL, sa_mask[0]=0x00000000, sa_flags=0x00000000
SIGUSR2: [libjvm.so+0x7f0000], sa_mask[0]=0x00000004, sa_flags=0x10000004
SIGHUP: [libjvm.so+0x7f0200], sa_mask[0]=0x7ffbfeff, sa_flags=0x10000004
SIGINT: [libjvm.so+0x7f0200], sa_mask[0]=0x7ffbfeff, sa_flags=0x10000004
SIGTERM: [libjvm.so+0x7f0200], sa_mask[0]=0x7ffbfeff, sa_flags=0x10000004
SIGQUIT: [libjvm.so+0x7f0200], sa_mask[0]=0x7ffbfeff, sa_flags=0x10000004
SIGTRAP: SIG_DFL, sa_mask[0]=0x00000000, sa_flags=0x00000000


---------------  S Y S T E M  ---------------

OS:Ubuntu 14.10 (utopic)
uname:Linux 3.16.0-44-generic #59-Ubuntu SMP Tue Jul 7 02:07:39 UTC 2015 x86_64
libc:glibc 2.19 NPTL 2.19 
rlimit: STACK 8192k, CORE 0k, NPROC 22973, NOFILE 4096, AS infinity
load average:8.91 3.69 1.85

/proc/meminfo:
MemTotal:        5903456 kB
MemFree:          201484 kB
MemAvailable:    1308168 kB
Buffers:          109068 kB
Cached:          1064104 kB
SwapCached:        19056 kB
Active:          3588064 kB
Inactive:        1567584 kB
Active(anon):    3044580 kB
Inactive(anon):  1137148 kB
Active(file):     543484 kB
Inactive(file):   430436 kB
Unevictable:          32 kB
Mlocked:              32 kB
SwapTotal:       6081532 kB
SwapFree:        5826776 kB
Dirty:             74772 kB
Writeback:             0 kB
AnonPages:       3969364 kB
Mapped:           227100 kB
Shmem:            199380 kB
Slab:             424800 kB
SReclaimable:     386180 kB
SUnreclaim:        38620 kB
KernelStack:       12672 kB
PageTables:        46416 kB
NFS_Unstable:          0 kB
Bounce:                0 kB
WritebackTmp:          0 kB
CommitLimit:     9033260 kB
Committed_AS:    9013564 kB
VmallocTotal:   34359738367 kB
VmallocUsed:      356976 kB
VmallocChunk:   34359372252 kB
HardwareCorrupted:     0 kB
AnonHugePages:   1900544 kB
HugePages_Total:       0
HugePages_Free:        0
HugePages_Rsvd:        0
HugePages_Surp:        0
Hugepagesize:       2048 kB
DirectMap4k:       71388 kB
DirectMap2M:     6012928 kB


CPU:total 4 (2 cores per cpu, 2 threads per core) family 6 model 37 stepping 5, cmov, cx8, fxsr, mmx, sse, sse2, sse3, ssse3, sse4.1, sse4.2, popcnt, ht, tsc, tscinvbit

/proc/cpuinfo:
processor	: 0
vendor_id	: GenuineIntel
cpu family	: 6
model		: 37
model name	: Intel(R) Core(TM) i3 CPU         540  @ 3.07GHz
stepping	: 5
microcode	: 0x2
cpu MHz		: 3059.000
cache size	: 4096 KB
physical id	: 0
siblings	: 4
core id		: 0
cpu cores	: 2
apicid		: 0
initial apicid	: 0
fpu		: yes
fpu_exception	: yes
cpuid level	: 11
wp		: yes
flags		: fpu vme de pse tsc msr pae mce cx8 apic sep mtrr pge mca cmov pat pse36 clflush dts acpi mmx fxsr sse sse2 ss ht tm pbe syscall nx rdtscp lm constant_tsc arch_perfmon pebs bts rep_good nopl xtopology nonstop_tsc aperfmperf pni dtes64 monitor ds_cpl vmx est tm2 ssse3 cx16 xtpr pdcm pcid sse4_1 sse4_2 popcnt lahf_lm arat dtherm tpr_shadow vnmi flexpriority ept vpid
bogomips	: 6118.15
clflush size	: 64
cache_alignment	: 64
address sizes	: 36 bits physical, 48 bits virtual
power management:

processor	: 1
vendor_id	: GenuineIntel
cpu family	: 6
model		: 37
model name	: Intel(R) Core(TM) i3 CPU         540  @ 3.07GHz
stepping	: 5
microcode	: 0x2
cpu MHz		: 3059.000
cache size	: 4096 KB
physical id	: 0
siblings	: 4
core id		: 0
cpu cores	: 2
apicid		: 1
initial apicid	: 1
fpu		: yes
fpu_exception	: yes
cpuid level	: 11
wp		: yes
flags		: fpu vme de pse tsc msr pae mce cx8 apic sep mtrr pge mca cmov pat pse36 clflush dts acpi mmx fxsr sse sse2 ss ht tm pbe syscall nx rdtscp lm constant_tsc arch_perfmon pebs bts rep_good nopl xtopology nonstop_tsc aperfmperf pni dtes64 monitor ds_cpl vmx est tm2 ssse3 cx16 xtpr pdcm pcid sse4_1 sse4_2 popcnt lahf_lm arat dtherm tpr_shadow vnmi flexpriority ept vpid
bogomips	: 6118.15
clflush size	: 64
cache_alignment	: 64
address sizes	: 36 bits physical, 48 bits virtual
power management:

processor	: 2
vendor_id	: GenuineIntel
cpu family	: 6
model		: 37
model name	: Intel(R) Core(TM) i3 CPU         540  @ 3.07GHz
stepping	: 5
microcode	: 0x2
cpu MHz		: 3059.000
cache size	: 4096 KB
physical id	: 0
siblings	: 4
core id		: 2
cpu cores	: 2
apicid		: 4
initial apicid	: 4
fpu		: yes
fpu_exception	: yes
cpuid level	: 11
wp		: yes
flags		: fpu vme de pse tsc msr pae mce cx8 apic sep mtrr pge mca cmov pat pse36 clflush dts acpi mmx fxsr sse sse2 ss ht tm pbe syscall nx rdtscp lm constant_tsc arch_perfmon pebs bts rep_good nopl xtopology nonstop_tsc aperfmperf pni dtes64 monitor ds_cpl vmx est tm2 ssse3 cx16 xtpr pdcm pcid sse4_1 sse4_2 popcnt lahf_lm arat dtherm tpr_shadow vnmi flexpriority ept vpid
bogomips	: 6118.15
clflush size	: 64
cache_alignment	: 64
address sizes	: 36 bits physical, 48 bits virtual
power management:

processor	: 3
vendor_id	: GenuineIntel
cpu family	: 6
model		: 37
model name	: Intel(R) Core(TM) i3 CPU         540  @ 3.07GHz
stepping	: 5
microcode	: 0x2
cpu MHz		: 3059.000
cache size	: 4096 KB
physical id	: 0
siblings	: 4
core id		: 2
cpu cores	: 2
apicid		: 5
initial apicid	: 5
fpu		: yes
fpu_exception	: yes
cpuid level	: 11
wp		: yes
flags		: fpu vme de pse tsc msr pae mce cx8 apic sep mtrr pge mca cmov pat pse36 clflush dts acpi mmx fxsr sse sse2 ss ht tm pbe syscall nx rdtscp lm constant_tsc arch_perfmon pebs bts rep_good nopl xtopology nonstop_tsc aperfmperf pni dtes64 monitor ds_cpl vmx est tm2 ssse3 cx16 xtpr pdcm pcid sse4_1 sse4_2 popcnt lahf_lm arat dtherm tpr_shadow vnmi flexpriority ept vpid
bogomips	: 6118.15
clflush size	: 64
cache_alignment	: 64
address sizes	: 36 bits physical, 48 bits virtual
power management:



Memory: 4k page, physical 5903456k(201484k free), swap 6081532k(5826776k free)

vm_info: OpenJDK 64-Bit Server VM (24.79-b02) for linux-amd64 JRE (1.7.0_79-b14), built on Apr 16 2015 08:25:58 by "buildd" with gcc 4.9.1

time: Wed Oct  7 10:07:20 2015
elapsed time: 15 seconds

